0 info it worked if it ends with ok
1 verbose cli [ '/usr/bin/node',
1 verbose cli   '/usr/bin/npm',
1 verbose cli   'install',
1 verbose cli   'app.json',
1 verbose cli   '--global' ]
2 info using npm@1.4.28
3 info using node@v0.10.37
4 verbose node symlink /usr/bin/node
5 verbose cache add [ 'app.json', null ]
6 verbose cache add name=undefined spec="app.json" args=["app.json",null]
7 verbose parsed url { protocol: null,
7 verbose parsed url   slashes: null,
7 verbose parsed url   auth: null,
7 verbose parsed url   host: null,
7 verbose parsed url   port: null,
7 verbose parsed url   hostname: null,
7 verbose parsed url   hash: null,
7 verbose parsed url   search: null,
7 verbose parsed url   query: null,
7 verbose parsed url   pathname: 'app.json',
7 verbose parsed url   path: 'app.json',
7 verbose parsed url   href: 'app.json' }
8 silly lockFile 65596286-app-json app.json
9 verbose lock app.json /home/vinoth/.npm/65596286-app-json.lock
10 verbose chmod /tmp/npm-13507-SB9s4Eaz/1436205330336-0.04578852839767933/tmp.tgz 664
11 verbose tar unpack /tmp/npm-13507-SB9s4Eaz/1436205330336-0.04578852839767933/tmp.tgz
12 silly lockFile b01457b7-04578852839767933-tmp-tgz-unpack tar:///tmp/npm-13507-SB9s4Eaz/1436205330336-0.04578852839767933/tmp.tgz-unpack
13 verbose lock tar:///tmp/npm-13507-SB9s4Eaz/1436205330336-0.04578852839767933/tmp.tgz-unpack /home/vinoth/.npm/b01457b7-04578852839767933-tmp-tgz-unpack.lock
14 silly lockFile 0ffefff6-0336-0-04578852839767933-tmp-tgz tar:///tmp/npm-13507-SB9s4Eaz/1436205330336-0.04578852839767933/tmp.tgz
15 verbose lock tar:///tmp/npm-13507-SB9s4Eaz/1436205330336-0.04578852839767933/tmp.tgz /home/vinoth/.npm/0ffefff6-0336-0-04578852839767933-tmp-tgz.lock
16 silly gunzTarPerm modes [ '775', '664' ]
17 error not a package /tmp/npm-13507-SB9s4Eaz/1436205330336-0.04578852839767933/tmp.tgz
18 silly lockFile b01457b7-04578852839767933-tmp-tgz-unpack tar:///tmp/npm-13507-SB9s4Eaz/1436205330336-0.04578852839767933/tmp.tgz-unpack
19 silly lockFile b01457b7-04578852839767933-tmp-tgz-unpack tar:///tmp/npm-13507-SB9s4Eaz/1436205330336-0.04578852839767933/tmp.tgz-unpack
20 silly lockFile 0ffefff6-0336-0-04578852839767933-tmp-tgz tar:///tmp/npm-13507-SB9s4Eaz/1436205330336-0.04578852839767933/tmp.tgz
21 silly lockFile 0ffefff6-0336-0-04578852839767933-tmp-tgz tar:///tmp/npm-13507-SB9s4Eaz/1436205330336-0.04578852839767933/tmp.tgz
22 silly lockFile 65596286-app-json app.json
23 silly lockFile 65596286-app-json app.json
24 verbose addNamed [ 'app.json', '' ]
25 verbose addNamed [ null, '*' ]
26 silly lockFile 23bb0d5a-app-json app.json@
27 verbose lock app.json@ /home/vinoth/.npm/23bb0d5a-app-json.lock
28 silly addNameRange { name: 'app.json', range: '*', hasData: false }
29 verbose request where is /app.json
30 verbose request registry https://registry.npmjs.org/
31 verbose request id 5dd80032f1a170bb
32 verbose url raw /app.json
33 verbose url resolving [ 'https://registry.npmjs.org/', './app.json' ]
34 verbose url resolved https://registry.npmjs.org/app.json
35 verbose request where is https://registry.npmjs.org/app.json
36 info trying registry request attempt 1 at 23:25:30
37 http GET https://registry.npmjs.org/app.json
38 http 200 https://registry.npmjs.org/app.json
39 silly registry.get cb [ 200,
39 silly registry.get   { server: 'CouchDB/1.5.0 (Erlang OTP/R16B03)',
39 silly registry.get     etag: '"DCSGO53456WHKAHYGO4WUO43X"',
39 silly registry.get     'content-type': 'application/json',
39 silly registry.get     'cache-control': 'max-age=60',
39 silly registry.get     'content-length': '54345',
39 silly registry.get     'accept-ranges': 'bytes',
39 silly registry.get     date: 'Mon, 06 Jul 2015 17:55:34 GMT',
39 silly registry.get     via: '1.1 varnish',
39 silly registry.get     age: '0',
39 silly registry.get     connection: 'keep-alive',
39 silly registry.get     'x-served-by': 'cache-sin6927-SIN',
39 silly registry.get     'x-cache': 'MISS',
39 silly registry.get     'x-cache-hits': '0',
39 silly registry.get     'x-timer': 'S1436205333.424276,VS0,VE997',
39 silly registry.get     vary: 'Accept' } ]
40 silly addNameRange number 2 { name: 'app.json', range: '*', hasData: true }
41 silly addNameRange versions [ 'app.json',
41 silly addNameRange   [ '0.8.3',
41 silly addNameRange     '0.8.4',
41 silly addNameRange     '0.8.5',
41 silly addNameRange     '0.8.6',
41 silly addNameRange     '0.8.7',
41 silly addNameRange     '0.8.8',
41 silly addNameRange     '0.9.0',
41 silly addNameRange     '0.9.1',
41 silly addNameRange     '0.9.2',
41 silly addNameRange     '0.10.0',
41 silly addNameRange     '0.10.1',
41 silly addNameRange     '0.11.0',
41 silly addNameRange     '0.11.1',
41 silly addNameRange     '0.12.0',
41 silly addNameRange     '0.12.1',
41 silly addNameRange     '0.13.0',
41 silly addNameRange     '0.13.1',
41 silly addNameRange     '0.14.0',
41 silly addNameRange     '0.14.4',
41 silly addNameRange     '0.14.5',
41 silly addNameRange     '0.15.0',
41 silly addNameRange     '0.15.1',
41 silly addNameRange     '0.16.0',
41 silly addNameRange     '0.17.0',
41 silly addNameRange     '0.18.0',
41 silly addNameRange     '0.18.1',
41 silly addNameRange     '0.19.0',
41 silly addNameRange     '0.19.1',
41 silly addNameRange     '1.2.0',
41 silly addNameRange     '1.2.1',
41 silly addNameRange     '1.3.0' ] ]
42 verbose addNamed [ 'app.json', '1.3.0' ]
43 verbose addNamed [ '1.3.0', '1.3.0' ]
44 silly lockFile 7a70f807-app-json-1-3-0 app.json@1.3.0
45 verbose lock app.json@1.3.0 /home/vinoth/.npm/7a70f807-app-json-1-3-0.lock
46 silly lockFile 363ffb6e--org-app-json-app-json-1-3-0-tgz https://registry.npmjs.org/app.json/-/app.json-1.3.0.tgz
47 verbose lock https://registry.npmjs.org/app.json/-/app.json-1.3.0.tgz /home/vinoth/.npm/363ffb6e--org-app-json-app-json-1-3-0-tgz.lock
48 verbose addRemoteTarball [ 'https://registry.npmjs.org/app.json/-/app.json-1.3.0.tgz',
48 verbose addRemoteTarball   '273057a08cc503018044e34b65b5fda14806b5d3' ]
49 info retry fetch attempt 1 at 23:25:31
50 verbose fetch to= /tmp/npm-13507-SB9s4Eaz/registry.npmjs.org/app.json/-/app.json-1.3.0.tgz
51 http GET https://registry.npmjs.org/app.json/-/app.json-1.3.0.tgz
52 http 200 https://registry.npmjs.org/app.json/-/app.json-1.3.0.tgz
53 silly lockFile 363ffb6e--org-app-json-app-json-1-3-0-tgz https://registry.npmjs.org/app.json/-/app.json-1.3.0.tgz
54 silly lockFile 363ffb6e--org-app-json-app-json-1-3-0-tgz https://registry.npmjs.org/app.json/-/app.json-1.3.0.tgz
55 silly lockFile 7a70f807-app-json-1-3-0 app.json@1.3.0
56 silly lockFile 7a70f807-app-json-1-3-0 app.json@1.3.0
57 silly lockFile 23bb0d5a-app-json app.json@
58 silly lockFile 23bb0d5a-app-json app.json@
59 silly resolved [ { name: 'app.json',
59 silly resolved     version: '1.3.0',
59 silly resolved     description: 'Create, validate, and render Heroku app.json manifests',
59 silly resolved     main: 'index.js',
59 silly resolved     bin: { 'app.json': './bin/cli', app: './bin/cli', apps: './bin/cli' },
59 silly resolved     scripts:
59 silly resolved      { test: 'mocha',
59 silly resolved        build: 'npm run bundle; npm run minify; npm run bundle-lite; npm run minify-lite; npm run doc; ls -alh dist | grep app.json',
59 silly resolved        bundle: 'browserify index.js --transform browserify-hogan --standalone App > dist/app.json.js',
59 silly resolved        'bundle-lite': 'browserify lib/app.js --transform browserify-hogan --standalone App > dist/app.json.lite.js',
59 silly resolved        minify: 'cat dist/app.json.js | uglifyjs -o dist/app.json.min.js',
59 silly resolved        'minify-lite': 'cat dist/app.json.lite.js | uglifyjs -o dist/app.json.lite.min.js',
59 silly resolved        doc: 'bin/doc',
59 silly resolved        docs: 'bin/doc' },
59 silly resolved     repository: { type: 'git', url: 'https://github.com/app-json/app.json' },
59 silly resolved     keywords: [ 'app.json' ],
59 silly resolved     author:
59 silly resolved      { name: 'Zeke Sikelianos',
59 silly resolved        email: 'zeke@sikelianos.com',
59 silly resolved        url: 'http://zeke.sikelianos.com/' },
59 silly resolved     contributors: [ [Object] ],
59 silly resolved     license: 'ISC',
59 silly resolved     bugs: { url: 'https://github.com/app-json/app.json/issues' },
59 silly resolved     homepage: 'https://github.com/app-json/app.json',
59 silly resolved     dependencies:
59 silly resolved      { async: '^0.7.0',
59 silly resolved        brfs: '^1.0.2',
59 silly resolved        'browserify-hogan': '^0.1.2',
59 silly resolved        chalk: '^0.4.0',
59 silly resolved        commander: '^2.2.0',
59 silly resolved        flatten: '0.0.1',
59 silly resolved        'github-url-to-object': '^1.0.0',
59 silly resolved        'bitbucket-url-to-object': '^0.2.0',
59 silly resolved        'heroku-client': '^1.2.0',
59 silly resolved        'hogan.js': '^2.0.0',
59 silly resolved        ini: '^1.1.0',
59 silly resolved        'is-url': '^1.0.0',
59 silly resolved        marked: '^0.3.2',
59 silly resolved        merge: '^1.1.3',
59 silly resolved        netrc: '^0.1.3',
59 silly resolved        open: '0.0.5',
59 silly resolved        'redact-url': '^0.1.0',
59 silly resolved        revalidator: '^0.1.8',
59 silly resolved        superagent: '^0.17.0',
59 silly resolved        'to-title-case': '^0.1.4' },
59 silly resolved     devDependencies:
59 silly resolved      { mocha: '^1.18.0',
59 silly resolved        browserify: '^3.38.0',
59 silly resolved        'uglify-js': '^2.4.13',
59 silly resolved        cheerio: '^0.15.0',
59 silly resolved        nixt: '^0.3.0' },
59 silly resolved     gitHead: 'c019d77c807ee4314816faa11b45dc60ef9914f8',
59 silly resolved     _id: 'app.json@1.3.0',
59 silly resolved     _shasum: '273057a08cc503018044e34b65b5fda14806b5d3',
59 silly resolved     _from: 'app.json@',
59 silly resolved     _npmVersion: '2.7.5',
59 silly resolved     _nodeVersion: '0.12.2',
59 silly resolved     _npmUser: { name: 'markpundsack', email: 'mp@heroku.com' },
59 silly resolved     dist:
59 silly resolved      { shasum: '273057a08cc503018044e34b65b5fda14806b5d3',
59 silly resolved        tarball: 'http://registry.npmjs.org/app.json/-/app.json-1.3.0.tgz' },
59 silly resolved     maintainers: [ [Object], [Object], [Object] ],
59 silly resolved     directories: {},
59 silly resolved     _resolved: 'https://registry.npmjs.org/app.json/-/app.json-1.3.0.tgz' } ]
60 info install app.json@1.3.0 into /usr/lib
61 info installOne app.json@1.3.0
62 verbose lib/node_modules/app.json unbuild
63 verbose tar unpack /home/vinoth/.npm/app.json/1.3.0/package.tgz
64 silly lockFile bc16c703-ar-usr-lib-node-modules-app-json tar:///usr/lib/node_modules/app.json
65 verbose lock tar:///usr/lib/node_modules/app.json /home/vinoth/.npm/bc16c703-ar-usr-lib-node-modules-app-json.lock
66 silly lockFile 7bbb5e5d-h-npm-app-json-1-3-0-package-tgz tar:///home/vinoth/.npm/app.json/1.3.0/package.tgz
67 verbose lock tar:///home/vinoth/.npm/app.json/1.3.0/package.tgz /home/vinoth/.npm/7bbb5e5d-h-npm-app-json-1-3-0-package-tgz.lock
68 silly gunzTarPerm modes [ '775', '664' ]
69 error Error: EACCES, mkdir '/usr/lib/node_modules/app.json'
69 error  { [Error: EACCES, mkdir '/usr/lib/node_modules/app.json']
69 error   errno: 3,
69 error   code: 'EACCES',
69 error   path: '/usr/lib/node_modules/app.json',
69 error   fstream_type: 'Directory',
69 error   fstream_path: '/usr/lib/node_modules/app.json',
69 error   fstream_class: 'DirWriter',
69 error   fstream_stack:
69 error    [ '/usr/lib/node_modules/npm/node_modules/fstream/lib/dir-writer.js:36:23',
69 error      '/usr/lib/node_modules/npm/node_modules/mkdirp/index.js:46:53',
69 error      'Object.oncomplete (fs.js:108:15)' ] }
70 error Please try running this command again as root/Administrator.
71 error System Linux 3.13.0-53-generic
72 error command "/usr/bin/node" "/usr/bin/npm" "install" "app.json" "--global"
73 error cwd /home/vinoth/avio/inspiry
74 error node -v v0.10.37
75 error npm -v 1.4.28
76 error path /usr/lib/node_modules/app.json
77 error fstream_path /usr/lib/node_modules/app.json
78 error fstream_type Directory
79 error fstream_class DirWriter
80 error code EACCES
81 error errno 3
82 error stack Error: EACCES, mkdir '/usr/lib/node_modules/app.json'
83 error fstream_stack /usr/lib/node_modules/npm/node_modules/fstream/lib/dir-writer.js:36:23
83 error fstream_stack /usr/lib/node_modules/npm/node_modules/mkdirp/index.js:46:53
83 error fstream_stack Object.oncomplete (fs.js:108:15)
84 verbose exit [ 3, true ]
